#
# There is insufficient memory for the Java Runtime Environment to continue.
# Native memory allocation (mmap) failed to map 67108864 bytes for G1 virtual space
# Possible reasons:
#   The system is out of physical RAM or swap space
#   The process is running with CompressedOops enabled, and the Java Heap may be blocking the growth of the native heap
# Possible solutions:
#   Reduce memory load on the system
#   Increase physical memory or swap space
#   Check if swap backing store is full
#   Decrease Java heap size (-Xmx/-Xms)
#   Decrease number of Java threads
#   Decrease Java thread stack sizes (-Xss)
#   Set larger code cache with -XX:ReservedCodeCacheSize=
#   JVM is running with Unscaled Compressed Oops mode in which the Java heap is
#     placed in the first 4GB address space. The Java Heap base address is the
#     maximum limit for the native heap growth. Please use -XX:HeapBaseMinAddress
#     to set the Java Heap base and to place the Java Heap above 4GB virtual address.
# This output file may be truncated or incomplete.
#
#  Out of Memory Error (os_windows.cpp:3552), pid=23172, tid=24096
#
# JRE version:  (17.0.9+11) (build )
# Java VM: Java HotSpot(TM) 64-Bit Server VM (17.0.9+11-LTS-201, mixed mode, sharing, tiered, compressed oops, compressed class ptrs, g1 gc, windows-amd64)
# No core dump will be written. Minidumps are not enabled by default on client versions of Windows
#

---------------  S U M M A R Y ------------

Command Line: -XX:+ShowCodeDetailsInExceptionMessages Front

Host: Intel(R) Core(TM) i3-6006U CPU @ 2.00GHz, 4 cores, 3G,  Windows 11 , 64 bit Build 22000 (10.0.22000.2538)
Time: Mon Mar 18 23:04:26 2024 Pacifique elapsed time: 0.111370 seconds (0d 0h 0m 0s)

---------------  T H R E A D  ---------------

Current thread (0x0000023182d61e40):  JavaThread "Unknown thread" [_thread_in_vm, id=24096, stack(0x0000008071900000,0x0000008071a00000)]

Stack: [0x0000008071900000,0x0000008071a00000]
Native frames: (J=compiled Java code, j=interpreted, Vv=VM code, C=native code)
V  [jvm.dll+0x678a4a]
V  [jvm.dll+0x7d9cfd]
V  [jvm.dll+0x7db60e]
V  [jvm.dll+0x7dbc73]
V  [jvm.dll+0x245e1f]
V  [jvm.dll+0x6758f9]
V  [jvm.dll+0x66a2a2]
V  [jvm.dll+0x303686]
V  [jvm.dll+0x30ac06]
V  [jvm.dll+0x35a48e]
V  [jvm.dll+0x35a6bf]
V  [jvm.dll+0x2da678]
V  [jvm.dll+0x2db5e4]
V  [jvm.dll+0x7ab6b1]
V  [jvm.dll+0x368041]
V  [jvm.dll+0x78a749]
V  [jvm.dll+0x3ebd4f]
V  [jvm.dll+0x3ed7d1]
C  [jli.dll+0x5297]
C  [ucrtbase.dll+0x26c0c]
C  [KERNEL32.DLL+0x153e0]
C  [ntdll.dll+0x485b]


---------------  P R O C E S S  ---------------

Threads class SMR info:
_java_thread_list=0x00007ffa99d789d8, length=0, elements={
}

Java Threads: ( => current thread )

Other Threads:
  0x0000023182d9ebb0 GCTaskThread "GC Thread#0" [stack: 0x0000008071a00000,0x0000008071b00000] [id=16064]
  0x0000023182da8ae0 ConcurrentGCThread "G1 Main Marker" [stack: 0x0000008071b00000,0x0000008071c00000] [id=2748]
  0x0000023182da94f0 ConcurrentGCThread "G1 Conc#0" [stack: 0x0000008071c00000,0x0000008071d00000] [id=21752]

[error occurred during error reporting (printing all threads), id 0xc0000005, EXCEPTION_ACCESS_VIOLATION (0xc0000005) at pc=0x00007ffa995ab2d7]

VM state: not at safepoint (not fully initialized)

VM Mutex/Monitor currently owned by a thread:  ([mutex/lock_event])
[0x0000023182d5d520] Heap_lock - owner thread: 0x0000023182d61e40

Heap address: 0x00000000c1200000, size: 1006 MB, Compressed Oops mode: 32-bit

CDS archive(s) mapped at: [0x0000000000000000-0x0000000000000000-0x0000000000000000), size 0, SharedBaseAddress: 0x0000000800000000, ArchiveRelocationMode: 1.
Narrow klass base: 0x0000000000000000, Narrow klass shift: 0, Narrow klass range: 0x0

GC Precious Log:
<Empty>

Heap:
 garbage-first heap   total 0K, used 0K [0x00000000c1200000, 0x0000000100000000)
  region size 1024K, 0 young (0K), 0 survivors (0K)

[error occurred during error reporting (printing heap information), id 0xc0000005, EXCEPTION_ACCESS_VIOLATION (0xc0000005) at pc=0x00007ffa99992229]

GC Heap History (0 events):
No events

Deoptimization events (0 events):
No events

Classes unloaded (0 events):
No events

Classes redefined (0 events):
No events

Internal exceptions (0 events):
No events

VM Operations (0 events):
No events

Events (1 events):
Event: 0.065 Loaded shared library C:\Program Files\Java\jdk-17\bin\java.dll


Dynamic libraries:
0x00007ff71b340000 - 0x00007ff71b350000 	C:\Program Files\Java\jdk-17\bin\java.exe
0x00007ffb06400000 - 0x00007ffb06609000 	C:\Windows\SYSTEM32\ntdll.dll
0x00007ffb043d0000 - 0x00007ffb0448d000 	C:\Windows\System32\KERNEL32.DLL
0x00007ffb039b0000 - 0x00007ffb03d34000 	C:\Windows\System32\KERNELBASE.dll
0x00007ffb04100000 - 0x00007ffb04211000 	C:\Windows\System32\ucrtbase.dll
0x00007ffaf3930000 - 0x00007ffaf394b000 	C:\Program Files\Java\jdk-17\bin\VCRUNTIME140.dll
0x00007ffaf3740000 - 0x00007ffaf3759000 	C:\Program Files\Java\jdk-17\bin\jli.dll
0x00007ffb05a90000 - 0x00007ffb05b3e000 	C:\Windows\System32\ADVAPI32.dll
0x00007ffb055d0000 - 0x00007ffb05673000 	C:\Windows\System32\msvcrt.dll
0x00007ffb05490000 - 0x00007ffb0552e000 	C:\Windows\System32\sechost.dll
0x00007ffb05960000 - 0x00007ffb05a81000 	C:\Windows\System32\RPCRT4.dll
0x00007ffb057b0000 - 0x00007ffb0595d000 	C:\Windows\System32\USER32.dll
0x00007ffb04220000 - 0x00007ffb04246000 	C:\Windows\System32\win32u.dll
0x00007ffb06320000 - 0x00007ffb0634a000 	C:\Windows\System32\GDI32.dll
0x00007ffb03890000 - 0x00007ffb039ae000 	C:\Windows\System32\gdi32full.dll
0x00007ffadfe50000 - 0x00007ffae00f5000 	C:\Windows\WinSxS\amd64_microsoft.windows.common-controls_6595b64144ccf1df_6.0.22000.120_none_9d947278b86cc467\COMCTL32.dll
0x00007ffb03fa0000 - 0x00007ffb0403d000 	C:\Windows\System32\msvcp_win.dll
0x00007ffb03140000 - 0x00007ffb0314a000 	C:\Windows\SYSTEM32\VERSION.dll
0x00007ffb05760000 - 0x00007ffb05791000 	C:\Windows\System32\IMM32.DLL
0x0000000065a90000 - 0x0000000065a9c000 	C:\Program Files (x86)\360\Total Security\safemon\SafeWrapper.dll
0x00007ffa98b40000 - 0x00007ffa98bd2000 	C:\Program Files (x86)\360\Total Security\safemon\libzdtp64.dll
0x00007ffb05b50000 - 0x00007ffb06315000 	C:\Windows\System32\SHELL32.dll
0x00007ffb05680000 - 0x00007ffb056dd000 	C:\Windows\System32\SHLWAPI.dll
0x00007ffaf3710000 - 0x00007ffaf371c000 	C:\Program Files\Java\jdk-17\bin\vcruntime140_1.dll
0x00007ffae1180000 - 0x00007ffae120e000 	C:\Program Files\Java\jdk-17\bin\msvcp140.dll
0x00007ffa992c0000 - 0x00007ffa99ea1000 	C:\Program Files\Java\jdk-17\bin\server\jvm.dll
0x00007ffb05b40000 - 0x00007ffb05b48000 	C:\Windows\System32\PSAPI.DLL
0x00007ffaf5bb0000 - 0x00007ffaf5be3000 	C:\Windows\SYSTEM32\WINMM.dll
0x00007ffaeff60000 - 0x00007ffaeff69000 	C:\Windows\SYSTEM32\WSOCK32.dll
0x00007ffb047f0000 - 0x00007ffb0485f000 	C:\Windows\System32\WS2_32.dll
0x00007ffb02890000 - 0x00007ffb028a8000 	C:\Windows\SYSTEM32\kernel.appcore.dll
0x00007ffafb340000 - 0x00007ffafb34a000 	C:\Program Files\Java\jdk-17\bin\jimage.dll
0x00007ffafb390000 - 0x00007ffafb5b1000 	C:\Windows\SYSTEM32\DBGHELP.DLL
0x00007ffafb300000 - 0x00007ffafb331000 	C:\Windows\SYSTEM32\dbgcore.DLL
0x00007ffb03f20000 - 0x00007ffb03f9f000 	C:\Windows\System32\bcryptPrimitives.dll
0x00007ffafab10000 - 0x00007ffafab35000 	C:\Program Files\Java\jdk-17\bin\java.dll

dbghelp: loaded successfully - version: 4.0.5 - missing functions: none
symbol engine: initialized successfully - sym options: 0x614 - pdb path: .;C:\Program Files\Java\jdk-17\bin;C:\Windows\SYSTEM32;C:\Windows\WinSxS\amd64_microsoft.windows.common-controls_6595b64144ccf1df_6.0.22000.120_none_9d947278b86cc467;C:\Program Files (x86)\360\Total Security\safemon;C:\Program Files\Java\jdk-17\bin\server

VM Arguments:
jvm_args: -XX:+ShowCodeDetailsInExceptionMessages 
java_command: Front
java_class_path (initial): C:\Users\Hasinjo\AppData\Roaming\Code\User\workspaceStorage\849615198623351f6b35b92b90420877\redhat.java\jdt_ws\Framework_b296aae5\bin;d:\S6\Naina\Framework\lib\postgresql-42.6.0.jar;d:\S6\Naina\Framework\lib\handyman-0.4.3.jar
Launcher Type: SUN_STANDARD

[Global flags]
     intx CICompilerCount                          = 3                                         {product} {ergonomic}
     uint ConcGCThreads                            = 1                                         {product} {ergonomic}
     uint G1ConcRefinementThreads                  = 4                                         {product} {ergonomic}
   size_t G1HeapRegionSize                         = 1048576                                   {product} {ergonomic}
    uintx GCDrainStackTargetSize                   = 64                                        {product} {ergonomic}
   size_t InitialHeapSize                          = 67108864                                  {product} {ergonomic}
   size_t MarkStackSize                            = 4194304                                   {product} {ergonomic}
   size_t MaxHeapSize                              = 1054867456                                {product} {ergonomic}
   size_t MinHeapDeltaBytes                        = 1048576                                   {product} {ergonomic}
   size_t MinHeapSize                              = 8388608                                   {product} {ergonomic}
    uintx NonNMethodCodeHeapSize                   = 5832780                                {pd product} {ergonomic}
    uintx NonProfiledCodeHeapSize                  = 122912730                              {pd product} {ergonomic}
    uintx ProfiledCodeHeapSize                     = 122912730                              {pd product} {ergonomic}
    uintx ReservedCodeCacheSize                    = 251658240                              {pd product} {ergonomic}
     bool SegmentedCodeCache                       = true                                      {product} {ergonomic}
     bool ShowCodeDetailsInExceptionMessages       = true                                   {manageable} {command line}
   size_t SoftMaxHeapSize                          = 1054867456                             {manageable} {ergonomic}
     bool UseCompressedClassPointers               = true                           {product lp64_product} {ergonomic}
     bool UseCompressedOops                        = true                           {product lp64_product} {ergonomic}
     bool UseG1GC                                  = true                                      {product} {ergonomic}
     bool UseLargePagesIndividualAllocation        = false                                  {pd product} {ergonomic}

Logging:
Log output configuration:
 #0: stdout all=warning uptime,level,tags
 #1: stderr all=off uptime,level,tags

Environment Variables:
JAVA_HOME=C:\Program Files\Java\jdk-17\bin
PATH=C:\Program Files\Common Files\Oracle\Java\javapath;C:\Windows\system32;C:\Windows;C:\Windows\System32\Wbem;C:\Windows\System32\WindowsPowerShell\v1.0\;C:\Windows\System32\OpenSSH\;C:\Users\Hasinjo\Desktop\Projet_servlet\TestFramework\WEB-INF\lib\Framework.jar;D:\server\xamp\php;C:\ProgramData\ComposerSetup\bin;C:\Program Files\nodejs\;C:\Program Files\dotnet\;C:\Users\Hasinjo\Desktop\apache-maven-3.8.8\bin;D:\S5\Naina\Test\dist\Test.jar;C:\Program Files\PostgreSQL\15\bin;D:\t\Programs\opencv\build\java\opencv-3416.jar;C:\Program Files\Java\jdk-17\bin;D:\server\xamp\mysql\bin;C:\Users\Hasinjo\Desktop\lib\postgresql-42.5.0.jar;C:\Users\Hasinjo\Documents\GenesisV2_Framework_Psql\GenesisV2_Framework_Psql\dao\lib\Framework.jar;C:\Users\Hasinjo\AppData\Local\Microsoft\WindowsApps;C:\Users\Hasinjo\AppData\Local\Programs\Microsoft VS Code\bin;C:\Users\Hasinjo\AppData\Local\GitHubDesktop\bin;C:\Users\Hasinjo\AppData\Roaming\Composer\vendor\bin;C:\Users\Hasinjo\AppData\Roaming\npm;C:\Users\Hasinjo\.dotnet\tools;C:\Users\Hasinjo\Desktop\apache-maven-3.8.8\bin;D:\S5\Naina\Test\dist\Test.jar;C:\Program Files\JetBrains\IntelliJ IDEA 2022.2\bin;;C:\Program Files\PostgreSQL\15\bin;D:\t\Programs\opencv\build\java\opencv-3416.jar;C:\Users\Hasinjo\AppData\Local\Programs\mongosh\;C:\Users\Hasinjo\Downloads\mongodb-atlas-cli_1.14.0_windows_x86_64\bin\;C:\ProgramData\Hasinjo\GitHubDesktop\bin;C:\Program Files\Java\jdk-17\bin;D:\server\xamp\mysql\bin;C:\Users\Hasinjo\Desktop\lib\postgresql-42.5.0.jar;C:\Users\Hasinjo\Documents\GenesisV2_Framework_Psql\GenesisV2_Framework_Psql\dao\lib\Framework.jar;
USERNAME=Hasinjo
LANG=en_US.UTF-8
OS=Windows_NT
PROCESSOR_IDENTIFIER=Intel64 Family 6 Model 78 Stepping 3, GenuineIntel



---------------  S Y S T E M  ---------------

OS:
 Windows 11 , 64 bit Build 22000 (10.0.22000.2538)
OS uptime: 0 days 15:13 hours
Hyper-V role detected

CPU: total 4 (initial active 4) (2 cores per cpu, 2 threads per core) family 6 model 78 stepping 3 microcode 0xd6, cx8, cmov, fxsr, ht, mmx, 3dnowpref, sse, sse2, sse3, ssse3, sse4.1, sse4.2, popcnt, lzcnt, tsc, tscinvbit, avx, avx2, aes, erms, clmul, bmi1, bmi2, adx, fma, vzeroupper, clflush, clflushopt, hv

Memory: 4k page, system-wide physical 4017M (104M free)
TotalPageFile size 13500M (AvailPageFile size 44M)
current process WorkingSet (physical memory assigned to process): 11M, peak: 11M
current process commit charge ("private bytes"): 52M, peak: 115M

vm_info: Java HotSpot(TM) 64-Bit Server VM (17.0.9+11-LTS-201) for windows-amd64 JRE (17.0.9+11-LTS-201), built on Oct 10 2023 23:16:06 by "mach5one" with MS VC++ 17.1 (VS2022)

END.
